<?xml version="1.0" encoding="utf-8"?><testsuites name="pytest tests"><testsuite name="pytest" errors="0" failures="0" skipped="0" tests="10" time="1.448" timestamp="2026-06-16T02:30:50.190847+00:00" hostname="agent-env-89975002-e35a-45e9-a968-0c0e1d065b09"><testcase classname="backend.tests.test_calendar.TestDealScheduleFields" name="test_post_and_get_roundtrip" time="0.578" /><testcase classname="backend.tests.test_calendar.TestScheduleEndpoint" name="test_full_body_update" time="0.101" /><testcase classname="backend.tests.test_calendar.TestScheduleEndpoint" name="test_partial_body_only_material" time="0.108" /><testcase classname="backend.tests.test_calendar.TestScheduleEndpoint" name="test_partial_body_only_dates" time="0.101" /><testcase classname="backend.tests.test_calendar.TestScheduleEndpoint" name="test_schedule_unknown_deal_returns_404" time="0.050" /><testcase classname="backend.tests.test_calendar.TestCalendarFeed" name="test_window_returns_events_list" time="0.105" /><testcase classname="backend.tests.test_calendar.TestCalendarFeed" name="test_window_filter_excludes_out_of_range" time="0.051" /><testcase classname="backend.tests.test_calendar.TestCalendarFeed" name="test_event_kinds_are_valid" time="0.047" /><testcase classname="backend.tests.test_calendar.TestCalendarFeed" name="test_missing_query_params_returns_422" time="0.053" /><testcase classname="backend.tests.test_calendar.TestCalendarFeed" name="test_unauth_returns_401" time="0.162" /></testsuite></testsuites>