<?xml version="1.0" encoding="utf-8"?><testsuites name="pytest tests"><testsuite name="pytest" errors="0" failures="0" skipped="1" tests="7" time="3.021" timestamp="2026-07-26T15:31:57.826081+00:00" hostname="agent-env-89975002-e35a-45e9-a968-0c0e1d065b09"><testcase classname="backend.tests.test_close_out_phase2.TestNDLAutoCheck" name="test_ndl_auto_check_and_untoggle_rejected" time="0.558" /><testcase classname="backend.tests.test_close_out_phase2.TestNDLAutoCheck" name="test_ndl_not_auto_when_upgrade_sold" time="0.000"><skipped type="pytest.skip" message="Deal model doesn't expose ndl_upgrade_accepted_amount for POST — set via proposal accept flow only. Verified in code that _apply_close_out_auto_checks skips flip when ndl_amount &gt; 0.">/app/backend/tests/test_close_out_phase2.py:91: Deal model doesn't expose ndl_upgrade_accepted_amount for POST — set via proposal accept flow only. Verified in code that _apply_close_out_auto_checks skips flip when ndl_amount &gt; 0.</skipped></testcase><testcase classname="backend.tests.test_close_out_phase2.TestPnlSummary" name="test_pnl_summary_shape" time="0.084" /><testcase classname="backend.tests.test_close_out_phase2.TestAttachments" name="test_upload_download_delete" time="1.009" /><testcase classname="backend.tests.test_close_out_phase2.TestAttachments" name="test_upload_bad_key_400" time="0.146" /><testcase classname="backend.tests.test_close_out_phase2.TestFinalize" name="test_finalize_missing_items_400" time="0.125" /><testcase classname="backend.tests.test_close_out_phase2.TestFinalize" name="test_force_finalize_admin_ok_and_pdf" time="1.015" /></testsuite></testsuites>