<?xml version="1.0" encoding="utf-8"?><testsuites name="pytest tests"><testsuite name="pytest" errors="0" failures="0" skipped="0" tests="4" time="13.348" timestamp="2026-06-23T18:30:14.314887+00:00" hostname="agent-env-89975002-e35a-45e9-a968-0c0e1d065b09"><testcase classname="backend.tests.test_wo_library_replaces_spec" name="test_caseA_single_library_file_replaces_auto_spec" time="3.082" /><testcase classname="backend.tests.test_wo_library_replaces_spec" name="test_caseB_no_library_falls_back_to_auto_spec" time="3.316" /><testcase classname="backend.tests.test_wo_library_replaces_spec" name="test_caseC_multiple_library_files" time="2.946" /><testcase classname="backend.tests.test_wo_library_replaces_spec" name="test_filename_uses_display_name_and_skips_spec_sheet" time="3.935" /></testsuite></testsuites>