<?xml version="1.0" encoding="utf-8"?><testsuites name="pytest tests"><testsuite name="pytest" errors="0" failures="0" skipped="0" tests="8" time="8.062" timestamp="2026-07-25T21:45:29.474611+00:00" hostname="agent-env-89975002-e35a-45e9-a968-0c0e1d065b09"><testcase classname="backend.tests.test_purchase_order.TestPurchaseOrderPdf" name="test_pdf_returns_valid_pdf_with_correct_content_type" time="1.467" /><testcase classname="backend.tests.test_purchase_order.TestPurchaseOrderPdf" name="test_pdf_supports_token_query_param" time="0.608" /><testcase classname="backend.tests.test_purchase_order.TestPurchaseOrderPdf" name="test_pdf_returns_404_for_vendor_with_no_lines" time="0.102" /><testcase classname="backend.tests.test_purchase_order.TestPurchaseOrderPdf" name="test_pdf_requires_auth" time="0.095" /><testcase classname="backend.tests.test_purchase_order.TestPurchaseOrderEmail" name="test_email_accepts_subject_and_body_overrides" time="2.476" /><testcase classname="backend.tests.test_purchase_order.TestPurchaseOrderEmail" name="test_email_backward_compatible_no_overrides" time="2.316" /><testcase classname="backend.tests.test_purchase_order.TestPurchaseOrderEmail" name="test_email_400_when_no_recipient_and_vendor_has_no_email" time="0.838" /><testcase classname="backend.tests.test_purchase_order.TestSafety" name="test_real_deal_untouched" time="0.098" /></testsuite></testsuites>