<?xml version="1.0" encoding="utf-8"?><testsuites name="pytest tests"><testsuite name="pytest" errors="0" failures="0" skipped="0" tests="9" time="7.816" timestamp="2026-06-14T21:31:47.628198+00:00" hostname="agent-env-89975002-e35a-45e9-a968-0c0e1d065b09"><testcase classname="tests.test_journal_templates_csv_extras" name="test_journal_template_trash_and_restore" time="1.252" /><testcase classname="tests.test_journal_templates_csv_extras" name="test_csv_header_synonym_vendor_name_and_due_date_default" time="0.545" /><testcase classname="tests.test_journal_templates_csv_extras" name="test_csv_commit_flag_and_notes_in_db" time="1.164" /><testcase classname="tests.test_journal_templates_and_csv" name="test_template_crud_lifecycle" time="1.261" /><testcase classname="tests.test_journal_templates_and_csv" name="test_template_validation" time="0.620" /><testcase classname="tests.test_journal_templates_and_csv" name="test_csv_preview_header_error" time="0.537" /><testcase classname="tests.test_journal_templates_and_csv" name="test_csv_preview_parses_amounts_dates_and_flags_missing_vendor" time="0.537" /><testcase classname="tests.test_journal_templates_and_csv" name="test_csv_full_roundtrip_commit_creates_bills" time="1.277" /><testcase classname="tests.test_journal_templates_and_csv" name="test_csv_commit_skips_invalid_rows" time="0.548" /></testsuite></testsuites>