<?xml version="1.0" encoding="utf-8"?><testsuites name="pytest tests"><testsuite name="pytest" errors="0" failures="0" skipped="0" tests="8" time="1.386" timestamp="2026-06-14T21:05:48.221941+00:00" hostname="agent-env-89975002-e35a-45e9-a968-0c0e1d065b09"><testcase classname="tests.test_cash_flow_late_fee.TestCashFlow" name="test_endpoint_shape_and_reconciliation" time="0.655" /><testcase classname="tests.test_cash_flow_late_fee.TestEntityLateFee" name="test_entities_have_field_default" time="0.051" /><testcase classname="tests.test_cash_flow_late_fee.TestEntityLateFee" name="test_put_updates_and_persists" time="0.203" /><testcase classname="tests.test_cash_flow_late_fee.TestContactLateFeeOverride" name="test_create_contact_with_override" time="0.097" /><testcase classname="tests.test_cash_flow_late_fee.TestContactLateFeeOverride" name="test_create_contact_no_override" time="0.046" /><testcase classname="tests.test_cash_flow_late_fee.TestContactLateFeeOverride" name="test_statement_summary_uses_override" time="0.054" /><testcase classname="tests.test_cash_flow_late_fee.TestContactLateFeeOverride" name="test_statement_summary_falls_back_to_entity" time="0.053" /><testcase classname="tests.test_cash_flow_late_fee.TestContactLateFeeOverride" name="test_cleanup_contacts" time="0.102" /></testsuite></testsuites>