<?xml version="1.0" encoding="utf-8"?><testsuites name="pytest tests"><testsuite name="pytest" errors="0" failures="0" skipped="0" tests="6" time="16.722" timestamp="2026-06-19T15:14:58.714575+00:00" hostname="agent-env-89975002-e35a-45e9-a968-0c0e1d065b09"><testcase classname="backend.tests.test_scope_cover_photos.TestScopeEmailCoverPhotos" name="test_omitted_auto_attaches_every_is_cover_true" time="4.276" /><testcase classname="backend.tests.test_scope_cover_photos.TestScopeEmailCoverPhotos" name="test_empty_list_attaches_no_photos" time="3.969" /><testcase classname="backend.tests.test_scope_cover_photos.TestScopeEmailCoverPhotos" name="test_explicit_ids_attach_only_those" time="4.096" /><testcase classname="backend.tests.test_scope_cover_photos.TestScopeEmailCoverPhotos" name="test_explicit_id_from_other_deal_is_ignored" time="4.109" /><testcase classname="backend.tests.test_scope_cover_photos.TestMaterialTakeoffNeverAttached" name="test_takeoff_endpoint_still_works" time="0.052" /><testcase classname="backend.tests.test_scope_cover_photos.TestMaterialTakeoffNeverAttached" name="test_email_handler_never_reads_material_takeoffs" time="0.148" /></testsuite></testsuites>