<?xml version="1.0" encoding="utf-8"?><testsuites name="pytest tests"><testsuite name="pytest" errors="0" failures="0" skipped="0" tests="5" time="4.068" timestamp="2026-06-24T15:32:41.177782+00:00" hostname="agent-env-89975002-e35a-45e9-a968-0c0e1d065b09"><testcase classname="backend.tests.test_calc_custom_addons" name="test_put_deal_persists_calc_custom_addons" time="0.770" /><testcase classname="backend.tests.test_calc_custom_addons" name="test_spec_sheet_pdf_renders_custom_addons" time="1.035" /><testcase classname="backend.tests.test_calc_custom_addons" name="test_empty_addons_list_renders_default_inclusions" time="0.882" /><testcase classname="backend.tests.test_calc_custom_addons" name="test_invalid_addon_rows_are_filtered" time="0.961" /><testcase classname="backend.tests.test_calc_custom_addons" name="test_zzz_cleanup_clear_addons" time="0.319" /></testsuite></testsuites>