<?xml version="1.0" encoding="utf-8"?><testsuites name="pytest tests"><testsuite name="pytest" errors="0" failures="0" skipped="0" tests="8" time="2.628" timestamp="2026-06-23T19:03:29.021091+00:00" hostname="agent-env-89975002-e35a-45e9-a968-0c0e1d065b09"><testcase classname="backend.tests.test_wo_public_sign_page.TestPublicWorkOrderGet" name="test_get_work_order_anonymous_returns_200" time="0.172" /><testcase classname="backend.tests.test_wo_public_sign_page.TestPublicWorkOrderGet" name="test_get_work_order_has_required_shape" time="0.134" /><testcase classname="backend.tests.test_wo_public_sign_page.TestPublicWorkOrderGet" name="test_get_work_order_project_name_matches_dexter" time="0.102" /><testcase classname="backend.tests.test_wo_public_sign_page.TestPublicWorkOrderGet" name="test_get_work_order_has_summary_fields" time="0.154" /><testcase classname="backend.tests.test_wo_public_sign_page.TestPublicWorkOrderPdf" name="test_get_pdf_anonymous_returns_200" time="0.622" /><testcase classname="backend.tests.test_wo_public_sign_page.TestPublicWorkOrderPdf" name="test_get_pdf_content_type_is_pdf" time="0.655" /><testcase classname="backend.tests.test_wo_public_sign_page.TestPublicWorkOrderPdf" name="test_get_pdf_body_starts_with_pdf_magic" time="0.615" /><testcase classname="backend.tests.test_wo_public_sign_page.TestUnknownTokenHandled" name="test_unknown_token_returns_4xx" time="0.103" /></testsuite></testsuites>