<?xml version="1.0" encoding="utf-8"?><testsuites name="pytest tests"><testsuite name="pytest" errors="0" failures="0" skipped="0" tests="15" time="2.892" timestamp="2026-06-14T03:02:35.738871+00:00" hostname="agent-env-89975002-e35a-45e9-a968-0c0e1d065b09"><testcase classname="backend.tests.test_books_phase7_gl_warnings.TestInvoiceWarnings" name="test_invoice_locked_returns_issue_warning" time="1.071" /><testcase classname="backend.tests.test_books_phase7_gl_warnings.TestInvoiceWarnings" name="test_invoice_open_period_no_warning" time="0.056" /><testcase classname="backend.tests.test_books_phase7_gl_warnings.TestInvoiceWarnings" name="test_invoice_locked_with_payment_two_warnings" time="0.078" /><testcase classname="backend.tests.test_books_phase7_gl_warnings.TestInvoiceWarnings" name="test_invoice_put_amount_paid_returns_warnings" time="0.105" /><testcase classname="backend.tests.test_books_phase7_gl_warnings.TestInvoiceWarnings" name="test_invoice_ic_open_issuer_locked_counter" time="0.056" /><testcase classname="backend.tests.test_books_phase7_gl_warnings.TestInvoiceWarnings" name="test_draft_status_never_warns_even_when_locked" time="0.052" /><testcase classname="backend.tests.test_books_phase7_gl_warnings.TestInvoiceWarnings" name="test_void_status_never_warns_even_when_locked" time="0.060" /><testcase classname="backend.tests.test_books_phase7_gl_warnings.TestBillWarnings" name="test_bill_locked_returns_received_warning" time="0.058" /><testcase classname="backend.tests.test_books_phase7_gl_warnings.TestBillWarnings" name="test_bill_open_no_warning" time="0.066" /><testcase classname="backend.tests.test_books_phase7_gl_warnings.TestBillWarnings" name="test_bill_locked_with_payment_two_warnings" time="0.058" /><testcase classname="backend.tests.test_books_phase7_gl_warnings.TestBillWarnings" name="test_bill_put_paid_amount_returns_warnings" time="0.135" /><testcase classname="backend.tests.test_books_phase7_gl_warnings.TestBillWarnings" name="test_bill_ic_open_buyer_locked_counter" time="0.064" /><testcase classname="backend.tests.test_books_phase7_gl_warnings.TestBillWarnings" name="test_bill_draft_no_warning" time="0.060" /><testcase classname="backend.tests.test_books_phase7_gl_warnings.TestReopenClearsWarning" name="test_reopen_then_no_warning" time="0.136" /><testcase classname="backend.tests.test_books_phase7_gl_warnings.TestZCleanup" name="test_cleanup_invoices_and_bills" time="0.745" /></testsuite></testsuites>