<?xml version="1.0" encoding="utf-8"?><testsuites name="pytest tests"><testsuite name="pytest" errors="0" failures="0" skipped="0" tests="10" time="4.301" timestamp="2026-06-18T22:31:36.981088+00:00" hostname="agent-env-89975002-e35a-45e9-a968-0c0e1d065b09"><testcase classname="backend.tests.test_daily_status.TestDailyStatusPDF" name="test_requires_auth" time="0.215" /><testcase classname="backend.tests.test_daily_status.TestDailyStatusPDF" name="test_returns_valid_pdf" time="0.458" /><testcase classname="backend.tests.test_daily_status.TestDailyStatusPDF" name="test_pdf_contains_expected_sections" time="0.175" /><testcase classname="backend.tests.test_daily_status.TestRecipients" name="test_admin_only" time="1.319" /><testcase classname="backend.tests.test_daily_status.TestSchedulerJobs" name="test_registry_contains_three_jobs" time="0.099" /><testcase classname="backend.tests.test_daily_status.TestSchedulerJobs" name="test_run_daily_status_email_admin_only" time="1.230" /><testcase classname="backend.tests.test_daily_status.TestStageDerivation" name="test_lead_no_scope_sent" time="0.052" /><testcase classname="backend.tests.test_daily_status.TestStageDerivation" name="test_won_with_future_start_is_scheduled" time="0.000" /><testcase classname="backend.tests.test_daily_status.TestStageDerivation" name="test_lost_returns_closed" time="0.000" /><testcase classname="backend.tests.test_daily_status.TestCollector" name="test_collector_returns_expected_keys" time="0.667" /></testsuite></testsuites>