<?xml version="1.0" encoding="utf-8"?><testsuites name="pytest tests"><testsuite name="pytest" errors="0" failures="0" skipped="0" tests="20" time="5.703" timestamp="2026-06-11T20:41:23.194704+00:00" hostname="agent-env-89975002-e35a-45e9-a968-0c0e1d065b09"><testcase classname="backend.tests.backend_test.TestAuth" name="test_login_success" time="0.377" /><testcase classname="backend.tests.backend_test.TestAuth" name="test_login_invalid" time="0.584" /><testcase classname="backend.tests.backend_test.TestAuth" name="test_register_and_login" time="0.436" /><testcase classname="backend.tests.backend_test.TestAuth" name="test_me_requires_auth" time="0.090" /><testcase classname="backend.tests.backend_test.TestAuth" name="test_me_with_token" time="0.434" /><testcase classname="backend.tests.backend_test.TestProtected" name="test_unauthorized[/contacts]" time="0.104" /><testcase classname="backend.tests.backend_test.TestProtected" name="test_unauthorized[/properties]" time="0.112" /><testcase classname="backend.tests.backend_test.TestProtected" name="test_unauthorized[/deals]" time="0.103" /><testcase classname="backend.tests.backend_test.TestProtected" name="test_unauthorized[/dashboard/summary]" time="0.159" /><testcase classname="backend.tests.backend_test.TestProtected" name="test_unauthorized[/options]" time="0.102" /><testcase classname="backend.tests.backend_test.TestProtected" name="test_authorized[/contacts]" time="0.100" /><testcase classname="backend.tests.backend_test.TestProtected" name="test_authorized[/properties]" time="0.100" /><testcase classname="backend.tests.backend_test.TestProtected" name="test_authorized[/deals]" time="0.100" /><testcase classname="backend.tests.backend_test.TestProtected" name="test_authorized[/dashboard/summary]" time="0.121" /><testcase classname="backend.tests.backend_test.TestProtected" name="test_authorized[/options]" time="0.101" /><testcase classname="backend.tests.backend_test.TestOptions" name="test_options_counts" time="0.116" /><testcase classname="backend.tests.backend_test.TestContacts" name="test_create_billing_same" time="0.799" /><testcase classname="backend.tests.backend_test.TestContacts" name="test_list" time="0.103" /><testcase classname="backend.tests.backend_test.TestProperties" name="test_crud_with_contact_link" time="0.834" /><testcase classname="backend.tests.backend_test.TestDealsAndDashboard" name="test_deal_crud_and_dashboard" time="0.748" /></testsuite></testsuites>