<?xml version="1.0" encoding="utf-8"?><testsuites name="pytest tests"><testsuite name="pytest" errors="0" failures="0" skipped="0" tests="3" time="0.871" timestamp="2026-06-23T16:53:45.812284+00:00" hostname="agent-env-89975002-e35a-45e9-a968-0c0e1d065b09"><testcase classname="backend.tests.test_wo_stale_404" name="test_send_to_stale_deal_returns_404_with_detail" time="0.590" /><testcase classname="backend.tests.test_wo_stale_404" name="test_draft_for_stale_deal_returns_404_with_detail" time="0.111" /><testcase classname="backend.tests.test_wo_stale_404" name="test_draft_for_real_test_deal_returns_200" time="0.103" /></testsuite></testsuites>