<?xml version="1.0" encoding="utf-8"?><testsuites name="pytest tests"><testsuite name="pytest" errors="0" failures="0" skipped="0" tests="9" time="12.723" timestamp="2026-06-14T22:02:50.490346+00:00" hostname="agent-env-89975002-e35a-45e9-a968-0c0e1d065b09"><testcase classname="backend.tests.test_assessment" name="test_assessment_crud_lifecycle" time="2.435" /><testcase classname="backend.tests.test_assessment" name="test_assessment_pdf_contains_key_fields" time="1.795" /><testcase classname="backend.tests.test_assessment" name="test_assessment_linked_deal_hydration" time="0.746" /><testcase classname="backend.tests.test_assessment_extras" name="test_assessment_soft_delete_appears_in_trash_and_restorable" time="1.124" /><testcase classname="backend.tests.test_assessment_extras" name="test_assessment_update_preserves_immutables" time="0.648" /><testcase classname="backend.tests.test_assessment_extras" name="test_assessment_email_endpoint_logs_or_accepts_request" time="4.114" /><testcase classname="backend.tests.test_assessment_extras" name="test_assessment_email_requires_recipient" time="0.631" /><testcase classname="backend.tests.test_assessment_extras" name="test_assessment_contact_hydration_for_prepared_for" time="0.717" /><testcase classname="backend.tests.test_assessment_extras" name="test_assessment_list_limit" time="0.421" /></testsuite></testsuites>