<?xml version="1.0" encoding="utf-8"?><testsuites name="pytest tests"><testsuite name="pytest" errors="0" failures="0" skipped="0" tests="5" time="1.693" timestamp="2026-06-24T16:19:53.240971+00:00" hostname="agent-env-89975002-e35a-45e9-a968-0c0e1d065b09"><testcase classname="backend.tests.test_metal_scope" name="test_metal_pdf_basic" time="0.452" /><testcase classname="backend.tests.test_metal_scope" name="test_metal_page1_has_cover_and_inclusions" time="0.059" /><testcase classname="backend.tests.test_metal_scope" name="test_metal_page2_has_new_headers_and_bullets" time="0.058" /><testcase classname="backend.tests.test_metal_scope" name="test_metal_color_substitution" time="0.491" /><testcase classname="backend.tests.test_metal_scope" name="test_farm_page1_still_has_inclusions_and_generic_copy" time="0.496" /></testsuite></testsuites>