<?xml version="1.0" encoding="utf-8"?><testsuites name="pytest tests"><testsuite name="pytest" errors="0" failures="0" skipped="0" tests="7" time="3.810" timestamp="2026-06-24T16:49:43.535607+00:00" hostname="agent-env-89975002-e35a-45e9-a968-0c0e1d065b09"><testcase classname="backend.tests.test_metal_scope" name="test_metal_pdf_basic" time="0.449" /><testcase classname="backend.tests.test_metal_scope" name="test_metal_page1_has_cover_and_inclusions" time="0.055" /><testcase classname="backend.tests.test_metal_scope" name="test_metal_page2_has_new_headers_and_bullets" time="0.054" /><testcase classname="backend.tests.test_metal_scope" name="test_metal_color_substitution" time="0.487" /><testcase classname="backend.tests.test_metal_scope" name="test_farm_page1_still_has_inclusions_and_generic_copy" time="0.494" /><testcase classname="backend.tests.test_metal_scope_e2e" name="test_spec_sheet_endpoint_metal" time="1.144" /><testcase classname="backend.tests.test_metal_scope_e2e" name="test_spec_sheet_pdf_metal_content" time="0.974" /></testsuite></testsuites>