<?xml version="1.0" encoding="utf-8"?><testsuites name="pytest tests"><testsuite name="pytest" errors="0" failures="0" skipped="0" tests="7" time="2.536" timestamp="2026-06-21T02:57:31.146482+00:00" hostname="agent-env-89975002-e35a-45e9-a968-0c0e1d065b09"><testcase classname="backend.tests.test_calculator" name="test_products_requires_auth" time="0.168" /><testcase classname="backend.tests.test_calculator" name="test_products_lists_western_colloid" time="0.469" /><testcase classname="backend.tests.test_calculator" name="test_systems_lists_10_with_wc" time="0.097" /><testcase classname="backend.tests.test_calculator" name="test_recipes_for_each_wc_system" time="1.130" /><testcase classname="backend.tests.test_calculator" name="test_calculator_settings" time="0.118" /><testcase classname="backend.tests.test_calculator" name="test_25yr_gravel_packing_math" time="0.342" /><testcase classname="backend.tests.test_calculator" name="test_test_deals_exist" time="0.109" /></testsuite></testsuites>