<?xml version="1.0" encoding="utf-8"?><testsuites name="pytest tests"><testsuite name="pytest" errors="0" failures="0" skipped="0" tests="9" time="7.839" timestamp="2026-07-23T20:19:59.281504+00:00" hostname="agent-env-89975002-e35a-45e9-a968-0c0e1d065b09"><testcase classname="backend.tests.test_iter41_new_features.TestPhotoCounts" name="test_photo_counts_map_returned" time="0.524" /><testcase classname="backend.tests.test_iter41_new_features.TestPhotoCounts" name="test_real_deal_has_38_photos" time="0.108" /><testcase classname="backend.tests.test_iter41_new_features.TestGlobalSearch" name="test_search_roof_returns_deals" time="0.129" /><testcase classname="backend.tests.test_iter41_new_features.TestGlobalSearch" name="test_search_darren_returns_contacts" time="0.108" /><testcase classname="backend.tests.test_iter41_new_features.TestGlobalSearch" name="test_search_no_match_returns_empty" time="0.113" /><testcase classname="backend.tests.test_iter41_new_features.TestGlobalSearch" name="test_search_too_short_returns_empty" time="0.097" /><testcase classname="backend.tests.test_iter41_new_features.TestAutoTag" name="test_auto_tag_two_photos_and_revert" time="5.940" /><testcase classname="backend.tests.test_iter41_new_features.TestPhotoSharesMultiTag" name="test_create_multi_tag_share_and_public_returns_tags" time="0.437" /><testcase classname="backend.tests.test_iter41_new_features.TestPhotoSharesMultiTag" name="test_create_legacy_single_tag_share" time="0.306" /></testsuite></testsuites>