<?xml version="1.0" encoding="utf-8"?><testsuites name="pytest tests"><testsuite name="pytest" errors="0" failures="0" skipped="0" tests="14" time="2.603" timestamp="2026-06-18T21:48:37.649713+00:00" hostname="agent-env-89975002-e35a-45e9-a968-0c0e1d065b09"><testcase classname="backend.tests.test_deal_events.TestAuth" name="test_list_requires_auth" time="0.695" /><testcase classname="backend.tests.test_deal_events.TestAuth" name="test_create_requires_auth" time="0.103" /><testcase classname="backend.tests.test_deal_events.TestCreateValidation" name="test_404_on_unknown_deal" time="0.107" /><testcase classname="backend.tests.test_deal_events.TestCreateValidation" name="test_400_on_invalid_event_type" time="0.100" /><testcase classname="backend.tests.test_deal_events.TestCRUDLifecycle" name="test_create_event" time="0.131" /><testcase classname="backend.tests.test_deal_events.TestCRUDLifecycle" name="test_list_includes_created" time="0.164" /><testcase classname="backend.tests.test_deal_events.TestCRUDLifecycle" name="test_appears_in_calendar_feed" time="0.111" /><testcase classname="backend.tests.test_deal_events.TestCRUDLifecycle" name="test_appears_in_today_widget" time="0.136" /><testcase classname="backend.tests.test_deal_events.TestCRUDLifecycle" name="test_update_resets_reminder_on_time_change" time="0.099" /><testcase classname="backend.tests.test_deal_events.TestCRUDLifecycle" name="test_invalid_event_type_on_update" time="0.141" /><testcase classname="backend.tests.test_deal_events.TestCRUDLifecycle" name="test_delete_event" time="0.103" /><testcase classname="backend.tests.test_deal_events.TestCRUDLifecycle" name="test_list_excludes_deleted" time="0.102" /><testcase classname="backend.tests.test_deal_events.TestIncludePastFilter" name="test_include_past_false_filters" time="0.371" /><testcase classname="backend.tests.test_deal_events" name="test_send_due_reminders_importable" time="0.168" /></testsuite></testsuites>