<?xml version="1.0" encoding="utf-8"?><testsuites name="pytest tests"><testsuite name="pytest" errors="0" failures="0" skipped="0" tests="6" time="2.099" timestamp="2026-06-24T16:49:36.488520+00:00" hostname="agent-env-89975002-e35a-45e9-a968-0c0e1d065b09"><testcase classname="backend.tests.test_metal_page2_dedup" name="test_metal_pdf_is_three_pages" time="0.547" /><testcase classname="backend.tests.test_metal_page2_dedup" name="test_metal_page2_no_duplicate_inclusions" time="0.000" /><testcase classname="backend.tests.test_metal_page2_dedup" name="test_metal_page1_inclusions_intact" time="0.000" /><testcase classname="backend.tests.test_metal_page2_dedup" name="test_farm_page2_no_inclusions_duplicate" time="0.494" /><testcase classname="backend.tests.test_metal_page2_dedup" name="test_tile_shingle_page2_still_has_inclusions[tile-Tile]" time="0.483" /><testcase classname="backend.tests.test_metal_page2_dedup" name="test_tile_shingle_page2_still_has_inclusions[shingle-Shingle]" time="0.481" /></testsuite></testsuites>