<?xml version="1.0" encoding="utf-8"?><testsuites name="pytest tests"><testsuite name="pytest" errors="0" failures="0" skipped="0" tests="4" time="1.530" timestamp="2026-06-17T15:40:51.972276+00:00" hostname="agent-env-89975002-e35a-45e9-a968-0c0e1d065b09"><testcase classname="backend.tests.test_field_capture" name="test_auth_me" time="0.579" /><testcase classname="backend.tests.test_field_capture" name="test_deals_list" time="0.098" /><testcase classname="backend.tests.test_field_capture" name="test_upload_photo_and_verify_list" time="0.670" /><testcase classname="backend.tests.test_field_capture" name="test_upload_photo_unauth_rejected" time="0.110" /></testsuite></testsuites>