<?xml version="1.0" encoding="utf-8"?><testsuites name="pytest tests"><testsuite name="pytest" errors="0" failures="3" skipped="0" tests="76" time="17.759" timestamp="2026-06-13T22:01:17.884865+00:00" hostname="agent-env-89975002-e35a-45e9-a968-0c0e1d065b09"><testcase classname="backend.tests.backend_test.TestAuth" name="test_login_success" time="0.402" /><testcase classname="backend.tests.backend_test.TestAuth" name="test_login_invalid" time="0.325" /><testcase classname="backend.tests.backend_test.TestAuth" name="test_register_and_login" time="0.098"><failure message="AssertionError: {&quot;detail&quot;:&quot;Registration disabled. Ask an admin to add you.&quot;}&#10;assert 403 == 200&#10; +  where 403 = &lt;Response [403]&gt;.status_code">E   AssertionError: {"detail":"Registration disabled. Ask an admin to add you."}
    assert 403 == 200
     +  where 403 = &lt;Response [403]&gt;.status_code</failure></testcase><testcase classname="backend.tests.backend_test.TestAuth" name="test_me_requires_auth" time="0.104" /><testcase classname="backend.tests.backend_test.TestAuth" name="test_me_with_token" time="0.416" /><testcase classname="backend.tests.backend_test.TestProtected" name="test_unauthorized[/contacts]" time="0.094" /><testcase classname="backend.tests.backend_test.TestProtected" name="test_unauthorized[/properties]" time="0.106" /><testcase classname="backend.tests.backend_test.TestProtected" name="test_unauthorized[/deals]" time="0.091" /><testcase classname="backend.tests.backend_test.TestProtected" name="test_unauthorized[/dashboard/summary]" time="0.108" /><testcase classname="backend.tests.backend_test.TestProtected" name="test_unauthorized[/options]" time="0.098" /><testcase classname="backend.tests.backend_test.TestProtected" name="test_authorized[/contacts]" time="0.107" /><testcase classname="backend.tests.backend_test.TestProtected" name="test_authorized[/properties]" time="0.109" /><testcase classname="backend.tests.backend_test.TestProtected" name="test_authorized[/deals]" time="0.099" /><testcase classname="backend.tests.backend_test.TestProtected" name="test_authorized[/dashboard/summary]" time="0.149" /><testcase classname="backend.tests.backend_test.TestProtected" name="test_authorized[/options]" time="0.100" /><testcase classname="backend.tests.backend_test.TestOptions" name="test_options_counts" time="0.093"><failure message="AssertionError: assert 5 == 7&#10; +  where 5 = len(['Referral', 'Marketing', 'Website', 'Email Campaign', 'Personal'])">E   AssertionError: assert 5 == 7
     +  where 5 = len(['Referral', 'Marketing', 'Website', 'Email Campaign', 'Personal'])</failure></testcase><testcase classname="backend.tests.backend_test.TestContacts" name="test_create_billing_same" time="0.544" /><testcase classname="backend.tests.backend_test.TestContacts" name="test_list" time="0.098" /><testcase classname="backend.tests.backend_test.TestProperties" name="test_crud_with_contact_link" time="0.596" /><testcase classname="backend.tests.backend_test.TestDealsAndDashboard" name="test_deal_crud_and_dashboard" time="0.503"><failure message="assert 0.0 &gt;= ((0.0 + 6500) - 0.01)">E   assert 0.0 &gt;= ((0.0 + 6500) - 0.01)</failure></testcase><testcase classname="backend.tests.test_books.TestEntities" name="test_list_entities_seeded" time="0.425" /><testcase classname="backend.tests.test_books.TestEntities" name="test_parent_entity_flag" time="0.047" /><testcase classname="backend.tests.test_books.TestEntities" name="test_create_entity_duplicate_guard" time="0.054" /><testcase classname="backend.tests.test_books.TestEntities" name="test_create_and_seed_coa_for_new_entity" time="0.219" /><testcase classname="backend.tests.test_books.TestEntities" name="test_cannot_delete_parent" time="0.100" /><testcase classname="backend.tests.test_books.TestAccounts" name="test_45_accounts_per_default_entity" time="0.247" /><testcase classname="backend.tests.test_books.TestAccounts" name="test_account_types_endpoint" time="0.044" /><testcase classname="backend.tests.test_books.TestAccounts" name="test_create_account_and_verify_persistence" time="0.342" /><testcase classname="backend.tests.test_books.TestAccounts" name="test_system_account_cannot_be_deleted" time="0.094" /><testcase classname="backend.tests.test_books.TestAccounts" name="test_system_account_locked_fields_on_update" time="0.136" /><testcase classname="backend.tests.test_books.TestAccounts" name="test_unauthenticated_blocked" time="0.163" /><testcase classname="backend.tests.test_books_period_close.TestCOASeed" name="test_6600_depreciation_expense_exists" time="0.530" /><testcase classname="backend.tests.test_books_period_close.TestCOASeed" name="test_1510_accum_depreciation_exists" time="0.049" /><testcase classname="backend.tests.test_books_period_close.TestEntityMonthlyDepr" name="test_put_entity_persists_monthly_depr_and_preserves_lock" time="0.049" /><testcase classname="backend.tests.test_books_period_close.TestPreview" name="test_preview_no_writes" time="0.237" /><testcase classname="backend.tests.test_books_period_close.TestRunClose" name="test_run_happy_path" time="0.537" /><testcase classname="backend.tests.test_books_period_close.TestRunClose" name="test_run_idempotent" time="0.091" /><testcase classname="backend.tests.test_books_period_close.TestPeriodLock" name="test_invoice_in_locked_period_no_journal" time="0.140" /><testcase classname="backend.tests.test_books_period_close.TestPeriodLock" name="test_invoice_after_lock_period_posts" time="0.093" /><testcase classname="backend.tests.test_books_period_close.TestPeriodLock" name="test_zz_cleanup" time="0.093" /><testcase classname="backend.tests.test_books_period_close.TestReopen" name="test_reopen_clears_lock" time="0.093" /><testcase classname="backend.tests.test_books_period_close.TestList" name="test_list_includes_record" time="0.048" /><testcase classname="backend.tests.test_books_period_close.TestAdminOnly" name="test_non_admin_run_forbidden" time="0.836" /><testcase classname="backend.tests.test_books_phase2.TestInvoiceGL" name="test_create_invoice_posts_issue_journal_default_reroof" time="0.587" /><testcase classname="backend.tests.test_books_phase2.TestInvoiceGL" name="test_revenue_routing_farm" time="0.301" /><testcase classname="backend.tests.test_books_phase2.TestInvoiceGL" name="test_revenue_routing_maintenance" time="0.135" /><testcase classname="backend.tests.test_books_phase2.TestInvoiceGL" name="test_idempotent_payment_posting" time="0.310" /><testcase classname="backend.tests.test_books_phase2.TestInvoiceGL" name="test_payment_reversal_on_zero" time="0.335" /><testcase classname="backend.tests.test_books_phase2.TestInvoiceGL" name="test_no_journal_when_entity_blank" time="0.150" /><testcase classname="backend.tests.test_books_phase2.TestInvoiceGL" name="test_invoice_delete_reverses_all" time="0.344" /><testcase classname="backend.tests.test_books_phase2.TestBillGL" name="test_bill_received_materials_default" time="0.341" /><testcase classname="backend.tests.test_books_phase2.TestBillGL" name="test_bill_received_subcontractor_uses_5010" time="0.227" /><testcase classname="backend.tests.test_books_phase2.TestBillGL" name="test_bill_payment_posts_journal" time="0.361" /><testcase classname="backend.tests.test_books_phase2.TestBillGL" name="test_bill_delete_reverses_all" time="0.417" /><testcase classname="backend.tests.test_books_phase2.TestKPIReports" name="test_kpis_endpoint_shape" time="0.047" /><testcase classname="backend.tests.test_books_phase2.TestKPIReports" name="test_kpis_match_journal_sums" time="0.335" /><testcase classname="backend.tests.test_books_phase2.TestKPIReports" name="test_kpis_all_returns_active_entities" time="0.059" /><testcase classname="backend.tests.test_books_phase3.TestJournalEntriesEndpoint" name="test_endpoint_returns_list" time="0.527" /><testcase classname="backend.tests.test_books_phase3.TestJournalEntriesEndpoint" name="test_each_row_has_required_fields" time="0.174" /><testcase classname="backend.tests.test_books_phase3.TestJournalEntriesEndpoint" name="test_entity_scoping" time="0.048" /><testcase classname="backend.tests.test_books_phase3.TestJournalEntriesEndpoint" name="test_include_reversed_flag" time="0.219" /><testcase classname="backend.tests.test_books_phase3.TestJournalEntriesEndpoint" name="test_sorted_by_date_desc" time="0.077" /><testcase classname="backend.tests.test_books_phase3.TestJournalEntriesEndpoint" name="test_e2e_invoice_creates_then_disappears_after_delete" time="0.787" /><testcase classname="backend.tests.test_books_phase4.TestProfitLossReport" name="test_pl_shape" time="0.493" /><testcase classname="backend.tests.test_books_phase4.TestProfitLossReport" name="test_pl_math_with_invoice_and_bill" time="0.827" /><testcase classname="backend.tests.test_books_phase4.TestProfitLossReport" name="test_pl_row_has_balance_field" time="0.058" /><testcase classname="backend.tests.test_books_phase4.TestBalanceSheetReport" name="test_bs_shape" time="0.053" /><testcase classname="backend.tests.test_books_phase4.TestBalanceSheetReport" name="test_bs_balanced" time="0.052" /><testcase classname="backend.tests.test_books_phase4.TestBalanceSheetReport" name="test_bs_natural_balance_signs" time="0.451" /><testcase classname="backend.tests.test_books_phase4.TestJournalDrilldown" name="test_filter_by_account_id" time="0.111" /><testcase classname="backend.tests.test_books_phase4.TestJournalDrilldown" name="test_filter_by_account_number" time="0.046" /><testcase classname="backend.tests.test_books_phase4.TestJournalDrilldown" name="test_filter_by_date_range" time="0.052" /><testcase classname="backend.tests.test_books_phase4.TestLateFeeAccrual" name="test_late_fee_happy_path" time="0.208" /><testcase classname="backend.tests.test_books_phase4.TestLateFeeAccrual" name="test_late_fee_idempotent" time="0.265" /><testcase classname="backend.tests.test_books_phase4.TestLateFeeAccrual" name="test_late_fee_grace_period_skip" time="0.201" /><testcase classname="backend.tests.test_books_phase4.TestLateFeeAccrual" name="test_late_fee_admin_only" time="0.108" /></testsuite></testsuites>