<?xml version="1.0" encoding="utf-8"?><testsuites name="pytest tests"><testsuite name="pytest" errors="0" failures="0" skipped="0" tests="19" time="10.765" timestamp="2026-06-16T14:17:06.634218+00:00" hostname="agent-env-89975002-e35a-45e9-a968-0c0e1d065b09"><testcase classname="tests.test_assessment_bands.TestBandModule" name="test_condition_good" time="0.000" /><testcase classname="tests.test_assessment_bands.TestBandModule" name="test_condition_at_risk" time="0.000" /><testcase classname="tests.test_assessment_bands.TestBandModule" name="test_condition_excellent" time="0.000" /><testcase classname="tests.test_assessment_bands.TestBandModule" name="test_condition_critical" time="0.000" /><testcase classname="tests.test_assessment_bands.TestBandModule" name="test_rsl_7_years" time="0.000" /><testcase classname="tests.test_assessment_bands.TestBandModule" name="test_rsl_singular_year" time="0.000" /><testcase classname="tests.test_assessment_bands.TestBandModule" name="test_capital_risk_high_red" time="0.000" /><testcase classname="tests.test_assessment_bands.TestBandModule" name="test_capital_risk_low_green" time="0.000" /><testcase classname="tests.test_assessment_bands.TestBandModule" name="test_warranty_zero_unknown" time="0.000" /><testcase classname="tests.test_assessment_bands.TestBandModule" name="test_restoration_75_high" time="0.000" /><testcase classname="tests.test_assessment_bands.TestBandModule" name="test_band_for_unknown_metric" time="0.000" /><testcase classname="tests.test_assessment_bands.TestBandModule" name="test_all_bands_returns_eight" time="0.000" /><testcase classname="tests.test_assessment_bands.TestAssessmentsBandsAPI" name="test_list_includes_bands" time="0.555" /><testcase classname="tests.test_assessment_bands.TestAssessmentsBandsAPI" name="test_detail_includes_bands" time="0.127" /><testcase classname="tests.test_assessment_bands.TestAssessmentsBandsAPI" name="test_seed_assessment_band_values" time="0.119" /><testcase classname="tests.test_assessment_bands.TestAssessmentPDF" name="test_pdf_renders_for_seed" time="9.879" /><testcase classname="tests.test_assessment_bands.TestBrandColor" name="test_printable_files_no_old_brand" time="0.001" /><testcase classname="tests.test_assessment_bands.TestBrandColor" name="test_printable_files_use_new_brand" time="0.000" /><testcase classname="tests.test_assessment_bands.TestBrandColor" name="test_server_py_calendar_blue_preserved" time="0.001" /></testsuite></testsuites>