<?xml version="1.0" encoding="utf-8"?><testsuites name="pytest tests"><testsuite name="pytest" errors="0" failures="0" skipped="0" tests="6" time="1.736" timestamp="2026-06-13T21:20:22.550520+00:00" hostname="agent-env-89975002-e35a-45e9-a968-0c0e1d065b09"><testcase classname="backend.tests.test_books_phase3.TestJournalEntriesEndpoint" name="test_endpoint_returns_list" time="0.562" /><testcase classname="backend.tests.test_books_phase3.TestJournalEntriesEndpoint" name="test_each_row_has_required_fields" time="0.143" /><testcase classname="backend.tests.test_books_phase3.TestJournalEntriesEndpoint" name="test_entity_scoping" time="0.048" /><testcase classname="backend.tests.test_books_phase3.TestJournalEntriesEndpoint" name="test_include_reversed_flag" time="0.185" /><testcase classname="backend.tests.test_books_phase3.TestJournalEntriesEndpoint" name="test_sorted_by_date_desc" time="0.044" /><testcase classname="backend.tests.test_books_phase3.TestJournalEntriesEndpoint" name="test_e2e_invoice_creates_then_disappears_after_delete" time="0.687" /></testsuite></testsuites>