<?xml version="1.0" encoding="utf-8"?><testsuites name="pytest tests"><testsuite name="pytest" errors="0" failures="0" skipped="0" tests="5" time="2.576" timestamp="2026-06-18T22:07:43.140155+00:00" hostname="agent-env-89975002-e35a-45e9-a968-0c0e1d065b09"><testcase classname="backend.tests.test_photo_gps_stamp.TestPhotoUploadWithGPS" name="test_upload_with_full_gps_metadata" time="0.790" /><testcase classname="backend.tests.test_photo_gps_stamp.TestPhotoUploadWithGPS" name="test_upload_without_gps_backwards_compat" time="0.277" /><testcase classname="backend.tests.test_photo_gps_stamp.TestPhotoUploadWithGPS" name="test_upload_invalid_tag_rejected" time="0.107" /><testcase classname="backend.tests.test_photo_gps_stamp.TestExistingEndpointsUnchanged" name="test_patch_and_delete_photo" time="0.781" /><testcase classname="backend.tests.test_photo_gps_stamp.TestExistingEndpointsUnchanged" name="test_timeline_pdf_still_works" time="0.551" /></testsuite></testsuites>