<?xml version="1.0" encoding="utf-8"?><testsuites name="pytest tests"><testsuite name="pytest" errors="0" failures="0" skipped="0" tests="14" time="3.641" timestamp="2026-06-13T21:04:45.360338+00:00" hostname="agent-env-89975002-e35a-45e9-a968-0c0e1d065b09"><testcase classname="backend.tests.test_books_phase2.TestInvoiceGL" name="test_create_invoice_posts_issue_journal_default_reroof" time="0.663" /><testcase classname="backend.tests.test_books_phase2.TestInvoiceGL" name="test_revenue_routing_farm" time="0.242" /><testcase classname="backend.tests.test_books_phase2.TestInvoiceGL" name="test_revenue_routing_maintenance" time="0.142" /><testcase classname="backend.tests.test_books_phase2.TestInvoiceGL" name="test_idempotent_payment_posting" time="0.298" /><testcase classname="backend.tests.test_books_phase2.TestInvoiceGL" name="test_payment_reversal_on_zero" time="0.293" /><testcase classname="backend.tests.test_books_phase2.TestInvoiceGL" name="test_no_journal_when_entity_blank" time="0.144" /><testcase classname="backend.tests.test_books_phase2.TestInvoiceGL" name="test_invoice_delete_reverses_all" time="0.284" /><testcase classname="backend.tests.test_books_phase2.TestBillGL" name="test_bill_received_materials_default" time="0.240" /><testcase classname="backend.tests.test_books_phase2.TestBillGL" name="test_bill_received_subcontractor_uses_5010" time="0.255" /><testcase classname="backend.tests.test_books_phase2.TestBillGL" name="test_bill_payment_posts_journal" time="0.286" /><testcase classname="backend.tests.test_books_phase2.TestBillGL" name="test_bill_delete_reverses_all" time="0.343" /><testcase classname="backend.tests.test_books_phase2.TestKPIReports" name="test_kpis_endpoint_shape" time="0.052" /><testcase classname="backend.tests.test_books_phase2.TestKPIReports" name="test_kpis_match_journal_sums" time="0.249" /><testcase classname="backend.tests.test_books_phase2.TestKPIReports" name="test_kpis_all_returns_active_entities" time="0.055" /></testsuite></testsuites>