<?xml version="1.0" encoding="utf-8"?><testsuites name="pytest tests"><testsuite name="pytest" errors="0" failures="0" skipped="0" tests="19" time="4.591" timestamp="2026-06-19T14:45:37.239234+00:00" hostname="agent-env-89975002-e35a-45e9-a968-0c0e1d065b09"><testcase classname="tests.test_user_profile.TestProfileBundle" name="test_admin_views_emma_full_profile" time="0.529" /><testcase classname="tests.test_user_profile.TestProfileBundle" name="test_emma_views_self_hides_notes_and_money" time="0.771" /><testcase classname="tests.test_user_profile.TestProfileBundle" name="test_emma_cannot_view_admin_profile" time="0.231" /><testcase classname="tests.test_user_profile.TestNotes" name="test_create_get_update_pin_delete" time="0.674" /><testcase classname="tests.test_user_profile.TestNotes" name="test_emma_cannot_post_notes" time="0.098" /><testcase classname="tests.test_user_profile.TestNotes" name="test_emma_cannot_list_notes" time="0.124" /><testcase classname="tests.test_user_profile.TestCertifications" name="test_create_required_name" time="0.103" /><testcase classname="tests.test_user_profile.TestCertifications" name="test_emma_can_read_own_certs" time="0.100" /><testcase classname="tests.test_user_profile.TestCertifications" name="test_emma_cannot_create_cert" time="0.115" /><testcase classname="tests.test_user_profile.TestCertifications" name="test_update_resets_reminders_on_exp_change" time="0.337" /><testcase classname="tests.test_user_profile.TestEquipment" name="test_crud" time="0.326" /><testcase classname="tests.test_user_profile.TestEquipment" name="test_emma_cannot_post" time="0.102" /><testcase classname="tests.test_user_profile.TestSkills" name="test_dedupe_and_persist" time="0.199" /><testcase classname="tests.test_user_profile.TestEmergency" name="test_emma_can_set_own" time="0.099" /><testcase classname="tests.test_user_profile.TestEmergency" name="test_emma_cannot_set_admins" time="0.107" /><testcase classname="tests.test_user_profile.TestEmployment" name="test_admin_set" time="0.112" /><testcase classname="tests.test_user_profile.TestEmployment" name="test_emma_cannot_set" time="0.096" /><testcase classname="tests.test_user_profile.TestEmployment" name="test_emma_self_profile_strips_money" time="0.106" /><testcase classname="tests.test_user_profile.TestCertReminderCron" name="test_send_due_cert_reminders_idempotent" time="0.265" /></testsuite></testsuites>