<?xml version="1.0" encoding="utf-8"?><testsuites name="pytest tests"><testsuite name="pytest" errors="0" failures="0" skipped="0" tests="5" time="1.939" timestamp="2026-06-17T18:07:10.576844+00:00" hostname="agent-env-89975002-e35a-45e9-a968-0c0e1d065b09"><testcase classname="backend.tests.test_field_capture_v2" name="test_deals_filter_for_field_list" time="0.569" /><testcase classname="backend.tests.test_field_capture_v2" name="test_upload_and_list_photo" time="0.718" /><testcase classname="backend.tests.test_field_capture_v2" name="test_upload_rejected_without_auth" time="0.103" /><testcase classname="backend.tests.test_field_capture_v2" name="test_magic_link_issue_and_single_use_consume" time="0.366" /><testcase classname="backend.tests.test_field_capture_v2" name="test_magic_link_consume_invalid_token" time="0.110" /></testsuite></testsuites>