<?xml version="1.0" encoding="utf-8"?><testsuites name="pytest tests"><testsuite name="pytest" errors="0" failures="0" skipped="0" tests="6" time="1.782" timestamp="2026-06-21T16:23:56.231015+00:00" hostname="agent-env-89975002-e35a-45e9-a968-0c0e1d065b09"><testcase classname="backend.tests.test_everest_warranty" name="test_systems_contains_4_everest" time="0.485" /><testcase classname="backend.tests.test_everest_warranty" name="test_systems_keeps_existing_western_colloid_and_gaco" time="0.120" /><testcase classname="backend.tests.test_everest_warranty" name="test_products_contains_everest" time="0.104" /><testcase classname="backend.tests.test_everest_warranty" name="test_deal_warranty_20yr_ndl_roundtrip" time="0.466" /><testcase classname="backend.tests.test_everest_warranty" name="test_deal_warranty_10yr_standard_baseline" time="0.304" /><testcase classname="backend.tests.test_everest_warranty" name="test_deal_warranty_all_ndl_fields_exist" time="0.223" /></testsuite></testsuites>