<?xml version="1.0" encoding="utf-8"?><testsuites name="pytest tests"><testsuite name="pytest" errors="0" failures="0" skipped="0" tests="4" time="9.895" timestamp="2026-06-23T16:08:35.038659+00:00" hostname="agent-env-89975002-e35a-45e9-a968-0c0e1d065b09"><testcase classname="backend.tests.test_work_order_send_email" name="test_work_order_draft_returns_200" time="0.477" /><testcase classname="backend.tests.test_work_order_send_email" name="test_work_order_send_dispatches_email" time="4.268" /><testcase classname="backend.tests.test_work_order_send_email" name="test_work_order_preview_returns_valid_pdf_with_newlines" time="0.545" /><testcase classname="backend.tests.test_work_order_send_email" name="test_work_order_send_with_library_files" time="4.541" /></testsuite></testsuites>