<?xml version="1.0" encoding="utf-8"?><testsuites name="pytest tests"><testsuite name="pytest" errors="0" failures="0" skipped="0" tests="2" time="1.096" timestamp="2026-06-23T20:58:44.422342+00:00" hostname="agent-env-89975002-e35a-45e9-a968-0c0e1d065b09"><testcase classname="backend.tests.test_calculator_sqft_fix" name="test_crosshaven_deal_has_total_sqft_7050" time="0.834" /><testcase classname="backend.tests.test_calculator_sqft_fix" name="test_sandbox_deal_loads" time="0.194" /></testsuite></testsuites>