<?xml version="1.0" encoding="utf-8"?><testsuites name="pytest tests"><testsuite name="pytest" errors="0" failures="0" skipped="0" tests="11" time="2.121" timestamp="2026-06-13T20:45:29.206375+00:00" hostname="agent-env-89975002-e35a-45e9-a968-0c0e1d065b09"><testcase classname="backend.tests.test_books.TestEntities" name="test_list_entities_seeded" time="0.509" /><testcase classname="backend.tests.test_books.TestEntities" name="test_parent_entity_flag" time="0.044" /><testcase classname="backend.tests.test_books.TestEntities" name="test_create_entity_duplicate_guard" time="0.049" /><testcase classname="backend.tests.test_books.TestEntities" name="test_create_and_seed_coa_for_new_entity" time="0.206" /><testcase classname="backend.tests.test_books.TestEntities" name="test_cannot_delete_parent" time="0.092" /><testcase classname="backend.tests.test_books.TestAccounts" name="test_44_accounts_per_default_entity" time="0.225" /><testcase classname="backend.tests.test_books.TestAccounts" name="test_account_types_endpoint" time="0.085" /><testcase classname="backend.tests.test_books.TestAccounts" name="test_create_account_and_verify_persistence" time="0.359" /><testcase classname="backend.tests.test_books.TestAccounts" name="test_system_account_cannot_be_deleted" time="0.130" /><testcase classname="backend.tests.test_books.TestAccounts" name="test_system_account_locked_fields_on_update" time="0.211" /><testcase classname="backend.tests.test_books.TestAccounts" name="test_unauthenticated_blocked" time="0.132" /></testsuite></testsuites>