<?xml version="1.0" encoding="utf-8"?><testsuites name="pytest tests"><testsuite name="pytest" errors="0" failures="0" skipped="0" tests="11" time="1.092" timestamp="2026-06-21T17:41:31.710725+00:00" hostname="agent-env-89975002-e35a-45e9-a968-0c0e1d065b09"><testcase classname="backend.tests.test_everest_extension" name="test_products_36_everest" time="0.489" /><testcase classname="backend.tests.test_everest_extension" name="test_products_5_sesco_granules" time="0.000" /><testcase classname="backend.tests.test_everest_extension" name="test_products_existing_western_colloid_preserved" time="0.000" /><testcase classname="backend.tests.test_everest_extension" name="test_silkoxy_ez_5gal_pail_package_size" time="0.000" /><testcase classname="backend.tests.test_everest_extension" name="test_silkoxy_ez_55gal_drum_package_size" time="0.000" /><testcase classname="backend.tests.test_everest_extension" name="test_ecolevel_kit_package_sizes" time="0.000" /><testcase classname="backend.tests.test_everest_extension" name="test_roll_products_have_unit_roll" time="0.000" /><testcase classname="backend.tests.test_everest_extension" name="test_everest_starter_recipe[5]" time="0.218" /><testcase classname="backend.tests.test_everest_extension" name="test_everest_starter_recipe[10]" time="0.099" /><testcase classname="backend.tests.test_everest_extension" name="test_everest_starter_recipe[15]" time="0.111" /><testcase classname="backend.tests.test_everest_extension" name="test_everest_starter_recipe[20]" time="0.108" /></testsuite></testsuites>