<?xml version="1.0" encoding="utf-8"?><testsuites name="pytest tests"><testsuite name="pytest" errors="0" failures="0" skipped="0" tests="15" time="7.721" timestamp="2026-06-24T16:50:48.930878+00:00" hostname="agent-env-89975002-e35a-45e9-a968-0c0e1d065b09"><testcase classname="backend.tests.test_metal_page2_dedup_e2e" name="test_metal_live_page2_no_duplicate" time="1.176" /><testcase classname="backend.tests.test_metal_page2_dedup_e2e" name="test_metal_live_pdf_page_count_reduced" time="0.730" /><testcase classname="backend.tests.test_metal_page2_dedup" name="test_metal_pdf_is_three_pages" time="0.509" /><testcase classname="backend.tests.test_metal_page2_dedup" name="test_metal_page2_no_duplicate_inclusions" time="0.000" /><testcase classname="backend.tests.test_metal_page2_dedup" name="test_metal_page1_inclusions_intact" time="0.000" /><testcase classname="backend.tests.test_metal_page2_dedup" name="test_farm_page2_no_inclusions_duplicate" time="0.497" /><testcase classname="backend.tests.test_metal_page2_dedup" name="test_tile_shingle_page2_still_has_inclusions[tile-Tile]" time="0.484" /><testcase classname="backend.tests.test_metal_page2_dedup" name="test_tile_shingle_page2_still_has_inclusions[shingle-Shingle]" time="0.482" /><testcase classname="backend.tests.test_metal_scope" name="test_metal_pdf_basic" time="0.436" /><testcase classname="backend.tests.test_metal_scope" name="test_metal_page1_has_cover_and_inclusions" time="0.069" /><testcase classname="backend.tests.test_metal_scope" name="test_metal_page2_has_new_headers_and_bullets" time="0.056" /><testcase classname="backend.tests.test_metal_scope" name="test_metal_color_substitution" time="0.491" /><testcase classname="backend.tests.test_metal_scope" name="test_farm_page1_still_has_inclusions_and_generic_copy" time="0.784" /><testcase classname="backend.tests.test_metal_scope_e2e" name="test_spec_sheet_endpoint_metal" time="1.080" /><testcase classname="backend.tests.test_metal_scope_e2e" name="test_spec_sheet_pdf_metal_content" time="0.660" /></testsuite></testsuites>