<?xml version="1.0" encoding="utf-8"?><testsuites name="pytest tests"><testsuite name="pytest" errors="0" failures="0" skipped="0" tests="20" time="3.369" timestamp="2026-06-14T02:46:42.928105+00:00" hostname="agent-env-89975002-e35a-45e9-a968-0c0e1d065b09"><testcase classname="backend.tests.test_books_phase6.TestICInvoice" name="test_create_ic_invoice_posts_dual_journals" time="0.614" /><testcase classname="backend.tests.test_books_phase6.TestICInvoice" name="test_re_put_invoice_does_not_duplicate" time="0.098" /><testcase classname="backend.tests.test_books_phase6.TestICInvoice" name="test_ic_invoice_payment_dual_journals" time="0.097" /><testcase classname="backend.tests.test_books_phase6.TestICInvoice" name="test_ic_invoice_change_counter_reverses_old_mirror" time="0.160" /><testcase classname="backend.tests.test_books_phase6.TestICInvoice" name="test_ic_invoice_delete_reverses_both" time="0.044" /><testcase classname="backend.tests.test_books_phase6.TestICVendorBill" name="test_create_ic_bill_posts_dual_journals" time="0.052" /><testcase classname="backend.tests.test_books_phase6.TestICVendorBill" name="test_ic_bill_payment_dual_journals" time="0.097" /><testcase classname="backend.tests.test_books_phase6.TestICReport" name="test_ic_report_pairs_balanced" time="0.047" /><testcase classname="backend.tests.test_books_phase6.TestNonICRegression" name="test_non_ic_invoice_routes_1100_4xxx" time="0.049" /><testcase classname="backend.tests.test_books_phase6.TestNonICRegression" name="test_non_ic_bill_routes_5000_or_5010_2000" time="0.049" /><testcase classname="backend.tests.test_books_phase6.TestBankRec" name="test_bank_rec_accounts_list" time="0.047" /><testcase classname="backend.tests.test_books_phase6.TestBankRec" name="test_bank_rec_lines" time="0.092" /><testcase classname="backend.tests.test_books_phase6.TestBankRec" name="test_bank_rec_save_open_no_clearings" time="0.145" /><testcase classname="backend.tests.test_books_phase6.TestBankRec" name="test_bank_rec_save_locked_writes_clearings" time="0.293" /><testcase classname="backend.tests.test_books_phase6.TestBankRec" name="test_bank_rec_reopen_clears_markers" time="0.047" /><testcase classname="backend.tests.test_books_phase6.TestBankRec" name="test_bank_rec_delete_open" time="0.045" /><testcase classname="backend.tests.test_books_phase6.TestBankRec" name="test_bank_rec_delete_locked_refused" time="0.227" /><testcase classname="backend.tests.test_books_phase6.TestAdminOnly" name="test_non_admin_get_allowed" time="0.701" /><testcase classname="backend.tests.test_books_phase6.TestAdminOnly" name="test_non_admin_save_403" time="0.045" /><testcase classname="backend.tests.test_books_phase6.TestCleanup" name="test_cleanup" time="0.246" /></testsuite></testsuites>