<?xml version="1.0" encoding="utf-8"?><testsuites name="pytest tests"><testsuite name="pytest" errors="0" failures="0" skipped="1" tests="13" time="1.926" timestamp="2026-06-18T23:42:04.453341+00:00" hostname="agent-env-89975002-e35a-45e9-a968-0c0e1d065b09"><testcase classname="backend.tests.test_email_routing.TestEmailRoutingAPI" name="test_get_requires_auth" time="0.193" /><testcase classname="backend.tests.test_email_routing.TestEmailRoutingAPI" name="test_get_non_admin_forbidden" time="0.108"><skipped type="pytest.skip" message="register failed: 403">/app/backend/tests/test_email_routing.py:56: register failed: 403</skipped></testcase><testcase classname="backend.tests.test_email_routing.TestEmailRoutingAPI" name="test_get_returns_expected_shape" time="0.442" /><testcase classname="backend.tests.test_email_routing.TestEmailRoutingAPI" name="test_put_saves_and_persists" time="0.258" /><testcase classname="backend.tests.test_email_routing.TestEmailRoutingAPI" name="test_put_rejects_non_whitelisted_alias" time="0.102" /><testcase classname="backend.tests.test_email_routing.TestRoutingHelpers" name="test_get_from_for_category_returns_saved" time="0.261" /><testcase classname="backend.tests.test_email_routing.TestRoutingHelpers" name="test_get_from_for_category_env_fallback" time="0.005" /><testcase classname="backend.tests.test_email_routing.TestSendForCategory" name="test_send_for_category_resolves_from" time="0.061" /><testcase classname="backend.tests.test_email_routing.TestGoogleCalendarSettings" name="test_get_and_put_extended_fields" time="0.352" /><testcase classname="backend.tests.test_email_routing.TestDealEventCalendarRouting" name="test_push_event_picks_calendar_by_type" time="0.045" /><testcase classname="backend.tests.test_email_routing.TestDueReminderCategory" name="test_reminder_category_mapping" time="0.002" /><testcase classname="backend.tests.test_email_routing.TestSendSiteCategoryRouting" name="test_call_sites_use_categories" time="0.001" /><testcase classname="backend.tests.test_email_routing.TestSendSiteCategoryRouting" name="test_assessment_and_coi_modules_use_category" time="0.001" /></testsuite></testsuites>