<?xml version="1.0" encoding="utf-8"?><testsuites name="pytest tests"><testsuite name="pytest" errors="0" failures="0" skipped="0" tests="13" time="2.963" timestamp="2026-06-13T21:32:09.108479+00:00" hostname="agent-env-89975002-e35a-45e9-a968-0c0e1d065b09"><testcase classname="backend.tests.test_books_phase4.TestProfitLossReport" name="test_pl_shape" time="0.580" /><testcase classname="backend.tests.test_books_phase4.TestProfitLossReport" name="test_pl_math_with_invoice_and_bill" time="0.780" /><testcase classname="backend.tests.test_books_phase4.TestProfitLossReport" name="test_pl_row_has_balance_field" time="0.045" /><testcase classname="backend.tests.test_books_phase4.TestBalanceSheetReport" name="test_bs_shape" time="0.044" /><testcase classname="backend.tests.test_books_phase4.TestBalanceSheetReport" name="test_bs_balanced" time="0.045" /><testcase classname="backend.tests.test_books_phase4.TestBalanceSheetReport" name="test_bs_natural_balance_signs" time="0.436" /><testcase classname="backend.tests.test_books_phase4.TestJournalDrilldown" name="test_filter_by_account_id" time="0.095" /><testcase classname="backend.tests.test_books_phase4.TestJournalDrilldown" name="test_filter_by_account_number" time="0.043" /><testcase classname="backend.tests.test_books_phase4.TestJournalDrilldown" name="test_filter_by_date_range" time="0.045" /><testcase classname="backend.tests.test_books_phase4.TestLateFeeAccrual" name="test_late_fee_happy_path" time="0.181" /><testcase classname="backend.tests.test_books_phase4.TestLateFeeAccrual" name="test_late_fee_idempotent" time="0.232" /><testcase classname="backend.tests.test_books_phase4.TestLateFeeAccrual" name="test_late_fee_grace_period_skip" time="0.221" /><testcase classname="backend.tests.test_books_phase4.TestLateFeeAccrual" name="test_late_fee_admin_only" time="0.129" /></testsuite></testsuites>