<?xml version="1.0" encoding="utf-8"?><testsuites name="pytest tests"><testsuite name="pytest" errors="0" failures="0" skipped="0" tests="12" time="2.959" timestamp="2026-06-13T22:00:33.319529+00:00" hostname="agent-env-89975002-e35a-45e9-a968-0c0e1d065b09"><testcase classname="backend.tests.test_books_period_close.TestCOASeed" name="test_6600_depreciation_expense_exists" time="0.609" /><testcase classname="backend.tests.test_books_period_close.TestCOASeed" name="test_1510_accum_depreciation_exists" time="0.046" /><testcase classname="backend.tests.test_books_period_close.TestEntityMonthlyDepr" name="test_put_entity_persists_monthly_depr_and_preserves_lock" time="0.046" /><testcase classname="backend.tests.test_books_period_close.TestPreview" name="test_preview_no_writes" time="0.261" /><testcase classname="backend.tests.test_books_period_close.TestRunClose" name="test_run_happy_path" time="0.519" /><testcase classname="backend.tests.test_books_period_close.TestRunClose" name="test_run_idempotent" time="0.094" /><testcase classname="backend.tests.test_books_period_close.TestPeriodLock" name="test_invoice_in_locked_period_no_journal" time="0.140" /><testcase classname="backend.tests.test_books_period_close.TestPeriodLock" name="test_invoice_after_lock_period_posts" time="0.093" /><testcase classname="backend.tests.test_books_period_close.TestPeriodLock" name="test_zz_cleanup" time="0.089" /><testcase classname="backend.tests.test_books_period_close.TestReopen" name="test_reopen_clears_lock" time="0.091" /><testcase classname="backend.tests.test_books_period_close.TestList" name="test_list_includes_record" time="0.048" /><testcase classname="backend.tests.test_books_period_close.TestAdminOnly" name="test_non_admin_run_forbidden" time="0.833" /></testsuite></testsuites>