<?xml version="1.0" encoding="utf-8"?><testsuites name="pytest tests"><testsuite name="pytest" errors="0" failures="0" skipped="0" tests="9" time="3.994" timestamp="2026-06-14T03:25:47.656277+00:00" hostname="agent-env-89975002-e35a-45e9-a968-0c0e1d065b09"><testcase classname="tests.test_construction_scope" name="test_options_lists_new_roof_types" time="0.472" /><testcase classname="tests.test_construction_scope" name="test_scope_preview_construction_project" time="0.100" /><testcase classname="tests.test_construction_scope" name="test_scope_preview_other" time="0.097" /><testcase classname="tests.test_construction_scope" name="test_scope_preview_with_existing_other_construction" time="0.116" /><testcase classname="tests.test_construction_scope" name="test_deal_custom_scope_roundtrip" time="0.891" /><testcase classname="tests.test_construction_scope" name="test_pdf_construction_project" time="0.712" /><testcase classname="tests.test_construction_scope" name="test_pdf_other_proposed" time="0.723" /><testcase classname="tests.test_construction_scope" name="test_pdf_tpo_overlay_regression" time="0.708" /><testcase classname="tests.test_construction_scope" name="test_resolve_template_short_circuits_construction" time="0.054" /></testsuite></testsuites>