<?xml version="1.0" encoding="utf-8"?><testsuites name="pytest tests"><testsuite name="pytest" errors="0" failures="0" skipped="0" tests="15" time="5.929" timestamp="2026-06-23T20:17:05.122369+00:00" hostname="agent-env-89975002-e35a-45e9-a968-0c0e1d065b09"><testcase classname="tests.test_wo_signature_fonts" name="test_six_signature_ttfs_shipped" time="0.000" /><testcase classname="tests.test_wo_signature_fonts" name="test_ensure_signature_fonts_registers_all_six" time="0.245" /><testcase classname="tests.test_wo_signature_fonts" name="test_signature_font_resolver_known_labels" time="0.000" /><testcase classname="tests.test_wo_signature_fonts" name="test_signature_font_resolver_fallback" time="0.000" /><testcase classname="tests.test_wo_signature_fonts" name="test_build_pdf_per_script_font[Caveat]" time="0.448" /><testcase classname="tests.test_wo_signature_fonts" name="test_build_pdf_per_script_font[Dancing Script]" time="0.431" /><testcase classname="tests.test_wo_signature_fonts" name="test_build_pdf_per_script_font[Great Vibes]" time="0.428" /><testcase classname="tests.test_wo_signature_fonts" name="test_build_pdf_per_script_font[Sacramento]" time="0.430" /><testcase classname="tests.test_wo_signature_fonts" name="test_build_pdf_per_script_font[Allura]" time="0.431" /><testcase classname="tests.test_wo_signature_fonts" name="test_build_pdf_per_script_font[Pacifico]" time="0.433" /><testcase classname="tests.test_wo_signature_fonts" name="test_build_pdf_unknown_font_fallback[Some Bogus Font]" time="0.429" /><testcase classname="tests.test_wo_signature_fonts" name="test_build_pdf_unknown_font_fallback[]" time="0.427" /><testcase classname="tests.test_wo_signature_fonts" name="test_build_pdf_unknown_font_fallback[None]" time="0.426" /><testcase classname="tests.test_wo_signature_fonts" name="test_real_signed_token_pdf_endpoint_returns_pdf" time="0.726" /><testcase classname="tests.test_wo_signature_fonts" name="test_real_signed_token_pdf_renders_signature_pixels" time="0.993" /></testsuite></testsuites>